0 info it worked if it ends with ok
1 verbose cli [ 'C:\\Program Files\\nodejs\\node.exe',
1 verbose cli   'C:\\Program Files\\nodejs\\node_modules\\npm\\bin\\npm-cli.js',
1 verbose cli   'start' ]
2 info using npm@4.1.2
3 info using node@v7.7.1
4 verbose run-script [ 'prestart', 'start', 'poststart' ]
5 info lifecycle config@1.0.0~prestart: config@1.0.0
6 silly lifecycle config@1.0.0~prestart: no script for prestart, continuing
7 info lifecycle config@1.0.0~start: config@1.0.0
8 verbose lifecycle config@1.0.0~start: unsafe-perm in lifecycle true
9 verbose lifecycle config@1.0.0~start: PATH: C:\Program Files\nodejs\node_modules\npm\bin\node-gyp-bin;C:\Users\Администратор\WebstormProjects\TorSpider\config\node_modules\.bin;C:\Program Files\Git\cmd;C:\Program Files (x86)\PC Connectivity Solution\;C:\Program Files\ImageMagick-7.0.2-Q16;C:\Ruby23-x64\bin;%JAVA_HOME%\bin;C:\ProgramData\Oracle\Java\javapath;C:\Windows\system32;C:\Windows;C:\Windows\System32\Wbem;C:\Windows\System32\WindowsPowerShell\v1.0\;C:\Program Files (x86)\NVIDIA Corporation\PhysX\Common;C:\Program Files\Microsoft Windows Performance Toolkit\;C:\Program Files (x86)\Bitvise SSH Client;C:\Users\Администратор\AppData\Roaming\nvm;C:\Program Files\nodejs;C:\Program Files (x86)\Heroku\bin;C:\Program Files (x86)\git\cmd;C:\Program Files (x86)\Git\cmd;C:\Python27;C:\texlive\2015\bin\win32;C:\Program Files\Microsoft SQL Server\130\Tools\Binn\;C:\Program Files (x86)\Windows Kits\8.1\Windows Performance Toolkit\;C:\HashiCorp\Vagrant\bin;C:\Program Files\nodejs\;C:\Program Files\MySQL\MySQL Utilities 1.6\;C:\Program Files\MySQL\MySQL Server 5.7\bin;C:\curl_7_53_1_openssl_nghttp2_x64;C:\Program Files (x86)\Skype\Phone\;C:\PHP;C:\putty.exe;C:\Users\Администратор\AppData\Roaming\nvm;C:\Program Files\nodejs;C:\sqlite;C:\Program Files (x86)\Reference Assemblies\Microsoft\Framework\.NETFramework\v4.0;C:\Users\Администратор\AppData\Roaming\npm
10 verbose lifecycle config@1.0.0~start: CWD: C:\Users\Администратор\WebstormProjects\TorSpider\config
11 silly lifecycle config@1.0.0~start: Args: [ '/d /s /c', 'node main.js' ]
12 silly lifecycle config@1.0.0~start: Returned: code: 3221225786  signal: null
13 info lifecycle config@1.0.0~start: Failed to exec start script
14 verbose stack Error: config@1.0.0 start: `node main.js`
14 verbose stack Exit status 3221225786
14 verbose stack     at EventEmitter.<anonymous> (C:\Program Files\nodejs\node_modules\npm\lib\utils\lifecycle.js:279:16)
14 verbose stack     at emitTwo (events.js:106:13)
14 verbose stack     at EventEmitter.emit (events.js:194:7)
14 verbose stack     at ChildProcess.<anonymous> (C:\Program Files\nodejs\node_modules\npm\lib\utils\spawn.js:40:14)
14 verbose stack     at emitTwo (events.js:106:13)
14 verbose stack     at ChildProcess.emit (events.js:194:7)
14 verbose stack     at maybeClose (internal/child_process.js:899:16)
14 verbose stack     at Process.ChildProcess._handle.onexit (internal/child_process.js:226:5)
15 verbose pkgid config@1.0.0
16 verbose cwd C:\Users\Администратор\WebstormProjects\TorSpider\config
17 error Windows_NT 6.1.7601
18 error argv "C:\\Program Files\\nodejs\\node.exe" "C:\\Program Files\\nodejs\\node_modules\\npm\\bin\\npm-cli.js" "start"
19 error node v7.7.1
20 error npm  v4.1.2
21 error code ELIFECYCLE
22 error config@1.0.0 start: `node main.js`
22 error Exit status 3221225786
23 error Failed at the config@1.0.0 start script 'node main.js'.
23 error Make sure you have the latest version of node.js and npm installed.
23 error If you do, this is most likely a problem with the config package,
23 error not with npm itself.
23 error Tell the author that this fails on your system:
23 error     node main.js
23 error You can get information on how to open an issue for this project with:
23 error     npm bugs config
23 error Or if that isn't available, you can get their info via:
23 error     npm owner ls config
23 error There is likely additional logging output above.
24 verbose exit [ 1, true ]
